[1.693s] DEBUG:colcon:Command line arguments: ['/usr/bin/colcon', 'build', '--packages-select', 'my_py_pkg']
[1.693s] DEBUG:colcon:Parsed command line arguments: Namespace(log_base=None, log_level=None, verb_name='build', build_base='build', install_base='install', merge_install=False, symlink_install=False, test_result_base=None, continue_on_error=False, executor='parallel', parallel_workers=8, event_handlers=None, ignore_user_meta=False, metas=['./colcon.meta'], base_paths=['.'], packages_ignore=None, packages_ignore_regex=None, paths=None, packages_up_to=None, packages_up_to_regex=None, packages_above=None, packages_above_and_dependencies=None, packages_above_depth=None, packages_select_by_dep=None, packages_skip_by_dep=None, packages_skip_up_to=None, packages_select_build_failed=False, packages_skip_build_finished=False, packages_select_test_failures=False, packages_skip_test_passed=False, packages_select=['my_py_pkg'], packages_skip=None, packages_select_regex=None, packages_skip_regex=None, packages_start=None, packages_end=None, allow_overriding=[], cmake_args=None, cmake_target=None, cmake_target_skip_unavailable=False, cmake_clean_cache=False, cmake_clean_first=False, cmake_force_configure=False, ament_cmake_args=None, catkin_cmake_args=None, catkin_skip_building_tests=False, verb_parser=<colcon_defaults.argument_parser.defaults.DefaultArgumentsDecorator object at 0x7f144b44a350>, verb_extension=<colcon_core.verb.build.BuildVerb object at 0x7f144b847f40>, main=<bound method BuildVerb.main of <colcon_core.verb.build.BuildVerb object at 0x7f144b847f40>>)
[1.769s] Level 1:colcon.colcon_core.package_discovery:discover_packages(colcon_meta) check parameters
[1.769s] Level 1:colcon.colcon_core.package_discovery:discover_packages(recursive) check parameters
[1.769s] Level 1:colcon.colcon_core.package_discovery:discover_packages(ignore) check parameters
[1.769s] Level 1:colcon.colcon_core.package_discovery:discover_packages(path) check parameters
[1.769s] Level 1:colcon.colcon_core.package_discovery:discover_packages(colcon_meta) discover
[1.770s] Level 1:colcon.colcon_core.package_discovery:discover_packages(recursive) discover
[1.770s] INFO:colcon.colcon_core.package_discovery:Crawling recursively for packages in '/home/fred/ros2_ws/src'
[1.770s] Level 1:colcon.colcon_core.package_identification:_identify(.) by extensions ['ignore', 'ignore_ament_install']
[1.770s] Level 1:colcon.colcon_core.package_identification:_identify(.) by extension 'ignore'
[1.770s] Level 1:colcon.colcon_core.package_identification:_identify(.) by extension 'ignore_ament_install'
[1.770s] Level 1:colcon.colcon_core.package_identification:_identify(.) by extensions ['colcon_pkg']
[1.770s] Level 1:colcon.colcon_core.package_identification:_identify(.) by extension 'colcon_pkg'
[1.770s] Level 1:colcon.colcon_core.package_identification:_identify(.) by extensions ['colcon_meta']
[1.770s] Level 1:colcon.colcon_core.package_identification:_identify(.) by extension 'colcon_meta'
[1.770s] Level 1:colcon.colcon_core.package_identification:_identify(.) by extensions ['ros']
[1.770s] Level 1:colcon.colcon_core.package_identification:_identify(.) by extension 'ros'
[1.786s] Level 1:colcon.colcon_core.package_identification:_identify(.) by extensions ['cmake', 'python']
[1.787s] Level 1:colcon.colcon_core.package_identification:_identify(.) by extension 'cmake'
[1.787s] Level 1:colcon.colcon_core.package_identification:_identify(.) by extension 'python'
[1.787s] Level 1:colcon.colcon_core.package_identification:_identify(.) by extensions ['python_setup_py']
[1.787s] Level 1:colcon.colcon_core.package_identification:_identify(.) by extension 'python_setup_py'
[1.787s] Level 1:colcon.colcon_core.package_identification:_identify(build) by extensions ['ignore', 'ignore_ament_install']
[1.787s] Level 1:colcon.colcon_core.package_identification:_identify(build) by extension 'ignore'
[1.787s] Level 1:colcon.colcon_core.package_identification:_identify(build) ignored
[1.787s] Level 1:colcon.colcon_core.package_identification:_identify(install) by extensions ['ignore', 'ignore_ament_install']
[1.788s] Level 1:colcon.colcon_core.package_identification:_identify(install) by extension 'ignore'
[1.788s] Level 1:colcon.colcon_core.package_identification:_identify(install) ignored
[1.788s] Level 1:colcon.colcon_core.package_identification:_identify(log) by extensions ['ignore', 'ignore_ament_install']
[1.788s] Level 1:colcon.colcon_core.package_identification:_identify(log) by extension 'ignore'
[1.788s] Level 1:colcon.colcon_core.package_identification:_identify(log) ignored
[1.788s] Level 1:colcon.colcon_core.package_identification:_identify(my_py_pkg) by extensions ['ignore', 'ignore_ament_install']
[1.788s] Level 1:colcon.colcon_core.package_identification:_identify(my_py_pkg) by extension 'ignore'
[1.788s] Level 1:colcon.colcon_core.package_identification:_identify(my_py_pkg) by extension 'ignore_ament_install'
[1.788s] Level 1:colcon.colcon_core.package_identification:_identify(my_py_pkg) by extensions ['colcon_pkg']
[1.788s] Level 1:colcon.colcon_core.package_identification:_identify(my_py_pkg) by extension 'colcon_pkg'
[1.789s] Level 1:colcon.colcon_core.package_identification:_identify(my_py_pkg) by extensions ['colcon_meta']
[1.789s] Level 1:colcon.colcon_core.package_identification:_identify(my_py_pkg) by extension 'colcon_meta'
[1.789s] Level 1:colcon.colcon_core.package_identification:_identify(my_py_pkg) by extensions ['ros']
[1.789s] Level 1:colcon.colcon_core.package_identification:_identify(my_py_pkg) by extension 'ros'
[1.792s] DEBUG:colcon.colcon_core.package_identification:Package 'my_py_pkg' with type 'ros.ament_python' and name 'my_py_pkg'
[1.792s] Level 1:colcon.colcon_core.package_identification:_identify(package_2) by extensions ['ignore', 'ignore_ament_install']
[1.792s] Level 1:colcon.colcon_core.package_identification:_identify(package_2) by extension 'ignore'
[1.793s] Level 1:colcon.colcon_core.package_identification:_identify(package_2) by extension 'ignore_ament_install'
[1.793s] Level 1:colcon.colcon_core.package_identification:_identify(package_2) by extensions ['colcon_pkg']
[1.793s] Level 1:colcon.colcon_core.package_identification:_identify(package_2) by extension 'colcon_pkg'
[1.793s] Level 1:colcon.colcon_core.package_identification:_identify(package_2) by extensions ['colcon_meta']
[1.793s] Level 1:colcon.colcon_core.package_identification:_identify(package_2) by extension 'colcon_meta'
[1.793s] Level 1:colcon.colcon_core.package_identification:_identify(package_2) by extensions ['ros']
[1.793s] Level 1:colcon.colcon_core.package_identification:_identify(package_2) by extension 'ros'
[1.794s] DEBUG:colcon.colcon_core.package_identification:Package 'package_2' with type 'ros.ament_python' and name 'package_2'
[1.794s] Level 1:colcon.colcon_core.package_discovery:discover_packages(recursive) using defaults
[1.794s] Level 1:colcon.colcon_core.package_discovery:discover_packages(ignore) discover
[1.794s] Level 1:colcon.colcon_core.package_discovery:discover_packages(ignore) using defaults
[1.794s] Level 1:colcon.colcon_core.package_discovery:discover_packages(path) discover
[1.794s] Level 1:colcon.colcon_core.package_discovery:discover_packages(path) using defaults
[1.896s] INFO:colcon.colcon_core.package_selection:Skipping not selected package 'package_2' in 'package_2'
[1.948s] Level 1:colcon.colcon_core.package_discovery:discover_packages(prefix_path) check parameters
[1.948s] Level 1:colcon.colcon_core.package_discovery:discover_packages(prefix_path) discover
[2.002s] DEBUG:colcon.colcon_installed_package_information.package_discovery:Found 1 installed packages in /home/fred/ros2_ws/install
[2.030s] DEBUG:colcon.colcon_installed_package_information.package_discovery:Found 270 installed packages in /opt/ros/humble
[2.032s] Level 1:colcon.colcon_core.package_discovery:discover_packages(prefix_path) using defaults
[2.199s] Level 5:colcon.colcon_core.verb:set package 'my_py_pkg' build argument 'cmake_args' from command line to 'None'
[2.200s] Level 5:colcon.colcon_core.verb:set package 'my_py_pkg' build argument 'cmake_target' from command line to 'None'
[2.200s] Level 5:colcon.colcon_core.verb:set package 'my_py_pkg' build argument 'cmake_target_skip_unavailable' from command line to 'False'
[2.200s] Level 5:colcon.colcon_core.verb:set package 'my_py_pkg' build argument 'cmake_clean_cache' from command line to 'False'
[2.200s] Level 5:colcon.colcon_core.verb:set package 'my_py_pkg' build argument 'cmake_clean_first' from command line to 'False'
[2.200s] Level 5:colcon.colcon_core.verb:set package 'my_py_pkg' build argument 'cmake_force_configure' from command line to 'False'
[2.200s] Level 5:colcon.colcon_core.verb:set package 'my_py_pkg' build argument 'ament_cmake_args' from command line to 'None'
[2.200s] Level 5:colcon.colcon_core.verb:set package 'my_py_pkg' build argument 'catkin_cmake_args' from command line to 'None'
[2.200s] Level 5:colcon.colcon_core.verb:set package 'my_py_pkg' build argument 'catkin_skip_building_tests' from command line to 'False'
[2.200s] DEBUG:colcon.colcon_core.verb:Building package 'my_py_pkg' with the following arguments: {'ament_cmake_args': None, 'build_base': '/home/fred/ros2_ws/src/build/my_py_pkg', 'catkin_cmake_args': None, 'catkin_skip_building_tests': False, 'cmake_args': None, 'cmake_clean_cache': False, 'cmake_clean_first': False, 'cmake_force_configure': False, 'cmake_target': None, 'cmake_target_skip_unavailable': False, 'install_base': '/home/fred/ros2_ws/src/install/my_py_pkg', 'merge_install': False, 'path': '/home/fred/ros2_ws/src/my_py_pkg', 'symlink_install': False, 'test_result_base': None}
[2.226s] INFO:colcon.colcon_core.executor:Executing jobs using 'parallel' executor
[2.253s] DEBUG:colcon.colcon_parallel_executor.executor.parallel:run_until_complete
[2.253s] INFO:colcon.colcon_ros.task.ament_python.build:Building ROS package in '/home/fred/ros2_ws/src/my_py_pkg' with build type 'ament_python'
[2.253s] Level 1:colcon.colcon_core.shell:create_environment_hook('my_py_pkg', 'ament_prefix_path')
[2.286s] INFO:colcon.colcon_core.plugin_system:Skipping extension 'colcon_core.shell.bat': Not used on non-Windows systems
[2.287s] INFO:colcon.colcon_core.shell:Creating environment hook '/home/fred/ros2_ws/src/install/my_py_pkg/share/my_py_pkg/hook/ament_prefix_path.ps1'
[2.288s] INFO:colcon.colcon_core.shell:Creating environment descriptor '/home/fred/ros2_ws/src/install/my_py_pkg/share/my_py_pkg/hook/ament_prefix_path.dsv'
[2.289s] INFO:colcon.colcon_core.shell:Creating environment hook '/home/fred/ros2_ws/src/install/my_py_pkg/share/my_py_pkg/hook/ament_prefix_path.sh'
[2.320s] INFO:colcon.colcon_core.shell:Skip shell extension 'powershell' for command environment: Not usable outside of PowerShell
[2.320s] DEBUG:colcon.colcon_core.shell:Skip shell extension 'dsv' for command environment
[2.813s] INFO:colcon.colcon_core.task.python.build:Building Python package in '/home/fred/ros2_ws/src/my_py_pkg'
[2.840s] INFO:colcon.colcon_core.shell:Skip shell extension 'powershell' for command environment: Not usable outside of PowerShell
[2.840s] DEBUG:colcon.colcon_core.shell:Skip shell extension 'dsv' for command environment
[3.468s] DEBUG:colcon.colcon_core.event_handler.log_command:Invoking command in '/home/fred/ros2_ws/src/my_py_pkg': PYTHONPATH=/home/fred/ros2_ws/src/build/my_py_pkg/prefix_override:/home/fred/ros2_ws/src/install/my_py_pkg/lib/python3.10/site-packages:${PYTHONPATH} /usr/bin/python3 setup.py egg_info --egg-base ../build/my_py_pkg build --build-base /home/fred/ros2_ws/src/build/my_py_pkg/build install --record /home/fred/ros2_ws/src/build/my_py_pkg/install.log --single-version-externally-managed
[3.921s] DEBUG:colcon.colcon_core.event_handler.log_command:Invoked command in '/home/fred/ros2_ws/src/my_py_pkg' returned '0': PYTHONPATH=/home/fred/ros2_ws/src/build/my_py_pkg/prefix_override:/home/fred/ros2_ws/src/install/my_py_pkg/lib/python3.10/site-packages:${PYTHONPATH} /usr/bin/python3 setup.py egg_info --egg-base ../build/my_py_pkg build --build-base /home/fred/ros2_ws/src/build/my_py_pkg/build install --record /home/fred/ros2_ws/src/build/my_py_pkg/install.log --single-version-externally-managed
[3.982s] Level 1:colcon.colcon_core.environment:checking '/home/fred/ros2_ws/src/install/my_py_pkg' for CMake module files
[3.983s] Level 1:colcon.colcon_core.environment:checking '/home/fred/ros2_ws/src/install/my_py_pkg' for CMake config files
[3.985s] Level 1:colcon.colcon_core.environment:checking '/home/fred/ros2_ws/src/install/my_py_pkg/lib'
[3.986s] Level 1:colcon.colcon_core.environment:checking '/home/fred/ros2_ws/src/install/my_py_pkg/bin'
[3.986s] Level 1:colcon.colcon_core.environment:checking '/home/fred/ros2_ws/src/install/my_py_pkg/lib/pkgconfig/my_py_pkg.pc'
[3.987s] Level 1:colcon.colcon_core.environment:checking '/home/fred/ros2_ws/src/install/my_py_pkg/lib/python3.10/site-packages'
[3.987s] Level 1:colcon.colcon_core.shell:create_environment_hook('my_py_pkg', 'pythonpath')
[4.022s] INFO:colcon.colcon_core.shell:Creating environment hook '/home/fred/ros2_ws/src/install/my_py_pkg/share/my_py_pkg/hook/pythonpath.ps1'
[4.022s] INFO:colcon.colcon_core.shell:Creating environment descriptor '/home/fred/ros2_ws/src/install/my_py_pkg/share/my_py_pkg/hook/pythonpath.dsv'
[4.023s] INFO:colcon.colcon_core.shell:Creating environment hook '/home/fred/ros2_ws/src/install/my_py_pkg/share/my_py_pkg/hook/pythonpath.sh'
[4.024s] Level 1:colcon.colcon_core.environment:checking '/home/fred/ros2_ws/src/install/my_py_pkg/bin'
[4.024s] Level 1:colcon.colcon_core.environment:create_environment_scripts_only(my_py_pkg)
[4.051s] INFO:colcon.colcon_core.shell:Creating package script '/home/fred/ros2_ws/src/install/my_py_pkg/share/my_py_pkg/package.ps1'
[4.052s] INFO:colcon.colcon_core.shell:Creating package descriptor '/home/fred/ros2_ws/src/install/my_py_pkg/share/my_py_pkg/package.dsv'
[4.053s] INFO:colcon.colcon_core.shell:Creating package script '/home/fred/ros2_ws/src/install/my_py_pkg/share/my_py_pkg/package.sh'
[4.054s] INFO:colcon.colcon_core.shell:Creating package script '/home/fred/ros2_ws/src/install/my_py_pkg/share/my_py_pkg/package.bash'
[4.055s] INFO:colcon.colcon_core.shell:Creating package script '/home/fred/ros2_ws/src/install/my_py_pkg/share/my_py_pkg/package.zsh'
[4.056s] Level 1:colcon.colcon_core.environment:create_file_with_runtime_dependencies(/home/fred/ros2_ws/src/install/my_py_pkg/share/colcon-core/packages/my_py_pkg)
[4.056s] DEBUG:colcon.colcon_parallel_executor.executor.parallel:closing loop
[4.057s] DEBUG:colcon.colcon_parallel_executor.executor.parallel:loop closed
[4.057s] DEBUG:colcon.colcon_parallel_executor.executor.parallel:run_until_complete finished with '0'
[4.057s] DEBUG:colcon.colcon_core.event_reactor:joining thread
[4.117s] INFO:colcon.colcon_core.plugin_system:Skipping extension 'colcon_notification.desktop_notification.terminal_notifier': Not used on non-Darwin systems
[4.117s] INFO:colcon.colcon_core.plugin_system:Skipping extension 'colcon_notification.desktop_notification.win32': Not used on non-Windows systems
[4.117s] INFO:colcon.colcon_notification.desktop_notification:Sending desktop notification using 'notify2'
[4.158s] DEBUG:colcon.colcon_core.event_reactor:joined thread
[4.189s] INFO:colcon.colcon_core.shell:Creating prefix script '/home/fred/ros2_ws/src/install/local_setup.ps1'
[4.190s] INFO:colcon.colcon_core.shell:Creating prefix util module '/home/fred/ros2_ws/src/install/_local_setup_util_ps1.py'
[4.192s] INFO:colcon.colcon_core.shell:Creating prefix chain script '/home/fred/ros2_ws/src/install/setup.ps1'
[4.220s] INFO:colcon.colcon_core.shell:Creating prefix script '/home/fred/ros2_ws/src/install/local_setup.sh'
[4.220s] INFO:colcon.colcon_core.shell:Creating prefix util module '/home/fred/ros2_ws/src/install/_local_setup_util_sh.py'
[4.221s] INFO:colcon.colcon_core.shell:Creating prefix chain script '/home/fred/ros2_ws/src/install/setup.sh'
[4.249s] INFO:colcon.colcon_core.shell:Creating prefix script '/home/fred/ros2_ws/src/install/local_setup.bash'
[4.249s] INFO:colcon.colcon_core.shell:Creating prefix chain script '/home/fred/ros2_ws/src/install/setup.bash'
[4.277s] INFO:colcon.colcon_core.shell:Creating prefix script '/home/fred/ros2_ws/src/install/local_setup.zsh'
[4.277s] INFO:colcon.colcon_core.shell:Creating prefix chain script '/home/fred/ros2_ws/src/install/setup.zsh'
