[1.258s] Invoking command in '/home/fred/ros2_ws/src/my_py_pkg': PYTHONPATH=/home/fred/ros2_ws/src/build/my_py_pkg/prefix_override:/home/fred/ros2_ws/src/install/my_py_pkg/lib/python3.10/site-packages:${PYTHONPATH} /usr/bin/python3 setup.py egg_info --egg-base ../build/my_py_pkg build --build-base /home/fred/ros2_ws/src/build/my_py_pkg/build install --record /home/fred/ros2_ws/src/build/my_py_pkg/install.log --single-version-externally-managed
[1.604s] running egg_info
[1.605s] creating ../build/my_py_pkg/my_py_pkg.egg-info
[1.606s] writing ../build/my_py_pkg/my_py_pkg.egg-info/PKG-INFO
[1.606s] writing dependency_links to ../build/my_py_pkg/my_py_pkg.egg-info/dependency_links.txt
[1.606s] writing entry points to ../build/my_py_pkg/my_py_pkg.egg-info/entry_points.txt
[1.606s] writing requirements to ../build/my_py_pkg/my_py_pkg.egg-info/requires.txt
[1.607s] writing top-level names to ../build/my_py_pkg/my_py_pkg.egg-info/top_level.txt
[1.607s] writing manifest file '../build/my_py_pkg/my_py_pkg.egg-info/SOURCES.txt'
[1.608s] reading manifest file '../build/my_py_pkg/my_py_pkg.egg-info/SOURCES.txt'
[1.609s] adding license file 'LICENSE'
[1.609s] writing manifest file '../build/my_py_pkg/my_py_pkg.egg-info/SOURCES.txt'
[1.610s] running build
[1.610s] running build_py
[1.610s] creating /home/fred/ros2_ws/src/build/my_py_pkg/build
[1.610s] creating /home/fred/ros2_ws/src/build/my_py_pkg/build/lib
[1.611s] creating /home/fred/ros2_ws/src/build/my_py_pkg/build/lib/my_py_pkg
[1.611s] copying my_py_pkg/__init__.py -> /home/fred/ros2_ws/src/build/my_py_pkg/build/lib/my_py_pkg
[1.611s] running install
[1.611s] /usr/lib/python3/dist-packages/setuptools/command/install.py:34: SetuptoolsDeprecationWarning: setup.py install is deprecated. Use build and pip and other standards-based tools.
[1.611s]   warnings.warn(
[1.611s] running install_lib
[1.612s] creating /home/fred/ros2_ws/src/install/my_py_pkg/lib/python3.10/site-packages/my_py_pkg
[1.612s] copying /home/fred/ros2_ws/src/build/my_py_pkg/build/lib/my_py_pkg/__init__.py -> /home/fred/ros2_ws/src/install/my_py_pkg/lib/python3.10/site-packages/my_py_pkg
[1.613s] byte-compiling /home/fred/ros2_ws/src/install/my_py_pkg/lib/python3.10/site-packages/my_py_pkg/__init__.py to __init__.cpython-310.pyc
[1.614s] running install_data
[1.614s] creating /home/fred/ros2_ws/src/install/my_py_pkg/share/ament_index
[1.614s] creating /home/fred/ros2_ws/src/install/my_py_pkg/share/ament_index/resource_index
[1.615s] creating /home/fred/ros2_ws/src/install/my_py_pkg/share/ament_index/resource_index/packages
[1.615s] copying resource/my_py_pkg -> /home/fred/ros2_ws/src/install/my_py_pkg/share/ament_index/resource_index/packages
[1.615s] copying package.xml -> /home/fred/ros2_ws/src/install/my_py_pkg/share/my_py_pkg
[1.615s] running install_egg_info
[1.617s] Copying ../build/my_py_pkg/my_py_pkg.egg-info to /home/fred/ros2_ws/src/install/my_py_pkg/lib/python3.10/site-packages/my_py_pkg-0.0.0-py3.10.egg-info
[1.618s] running install_scripts
[1.646s] writing list of installed files to '/home/fred/ros2_ws/src/build/my_py_pkg/install.log'
[1.676s] Invoked command in '/home/fred/ros2_ws/src/my_py_pkg' returned '0': PYTHONPATH=/home/fred/ros2_ws/src/build/my_py_pkg/prefix_override:/home/fred/ros2_ws/src/install/my_py_pkg/lib/python3.10/site-packages:${PYTHONPATH} /usr/bin/python3 setup.py egg_info --egg-base ../build/my_py_pkg build --build-base /home/fred/ros2_ws/src/build/my_py_pkg/build install --record /home/fred/ros2_ws/src/build/my_py_pkg/install.log --single-version-externally-managed
