running develop
/usr/lib/python3/dist-packages/setuptools/command/easy_install.py:158: EasyInstallDeprecationWarning: easy_install command is deprecated. Use build and pip and other standards-based tools.
  warnings.warn(
/usr/lib/python3/dist-packages/setuptools/command/install.py:34: SetuptoolsDeprecationWarning: setup.py install is deprecated. Use build and pip and other standards-based tools.
  warnings.warn(
Removing /home/fred/ros2_ws/src/install/package_1/lib/python3.10/site-packages/package-1.egg-link (link to .)
running egg_info
writing ../build/package_1/package_1.egg-info/PKG-INFO
writing dependency_links to ../build/package_1/package_1.egg-info/dependency_links.txt
writing entry points to ../build/package_1/package_1.egg-info/entry_points.txt
writing requirements to ../build/package_1/package_1.egg-info/requires.txt
writing top-level names to ../build/package_1/package_1.egg-info/top_level.txt
reading manifest file '../build/package_1/package_1.egg-info/SOURCES.txt'
writing manifest file '../build/package_1/package_1.egg-info/SOURCES.txt'
running build
running build_py
creating /home/fred/ros2_ws/src/build/package_1/build
creating /home/fred/ros2_ws/src/build/package_1/build/lib
creating /home/fred/ros2_ws/src/build/package_1/build/lib/package_1
copying package_1/__init__.py -> /home/fred/ros2_ws/src/build/package_1/build/lib/package_1
copying package_1/main.py -> /home/fred/ros2_ws/src/build/package_1/build/lib/package_1
running install
/usr/lib/python3/dist-packages/setuptools/command/install.py:34: SetuptoolsDeprecationWarning: setup.py install is deprecated. Use build and pip and other standards-based tools.
  warnings.warn(
running install_lib
creating /home/fred/ros2_ws/src/install/package_1/lib/python3.10/site-packages/package_1
copying /home/fred/ros2_ws/src/build/package_1/build/lib/package_1/__init__.py -> /home/fred/ros2_ws/src/install/package_1/lib/python3.10/site-packages/package_1
copying /home/fred/ros2_ws/src/build/package_1/build/lib/package_1/main.py -> /home/fred/ros2_ws/src/install/package_1/lib/python3.10/site-packages/package_1
byte-compiling /home/fred/ros2_ws/src/install/package_1/lib/python3.10/site-packages/package_1/__init__.py to __init__.cpython-310.pyc
byte-compiling /home/fred/ros2_ws/src/install/package_1/lib/python3.10/site-packages/package_1/main.py to main.cpython-310.pyc
running install_data
running install_egg_info
Copying ../build/package_1/package_1.egg-info to /home/fred/ros2_ws/src/install/package_1/lib/python3.10/site-packages/package_1-0.0.0-py3.10.egg-info
running install_scripts
Installing package-1_exec script to /home/fred/ros2_ws/src/install/package_1/lib/package_1
writing list of installed files to '/home/fred/ros2_ws/src/build/package_1/install.log'
