[1.171s] Invoking command in '/home/fred/ros2_ws/src/my_py_pkg': PYTHONPATH=/home/fred/ros2_ws/src/build/my_py_pkg/prefix_override:/home/fred/ros2_ws/src/install/my_py_pkg/lib/python3.10/site-packages:${PYTHONPATH} /usr/bin/python3 setup.py egg_info --egg-base ../build/my_py_pkg build --build-base /home/fred/ros2_ws/src/build/my_py_pkg/build install --record /home/fred/ros2_ws/src/build/my_py_pkg/install.log --single-version-externally-managed
[1.538s] running egg_info
[1.539s] writing ../build/my_py_pkg/my_py_pkg.egg-info/PKG-INFO
[1.539s] writing dependency_links to ../build/my_py_pkg/my_py_pkg.egg-info/dependency_links.txt
[1.540s] writing entry points to ../build/my_py_pkg/my_py_pkg.egg-info/entry_points.txt
[1.540s] writing requirements to ../build/my_py_pkg/my_py_pkg.egg-info/requires.txt
[1.540s] writing top-level names to ../build/my_py_pkg/my_py_pkg.egg-info/top_level.txt
[1.542s] reading manifest file '../build/my_py_pkg/my_py_pkg.egg-info/SOURCES.txt'
[1.543s] writing manifest file '../build/my_py_pkg/my_py_pkg.egg-info/SOURCES.txt'
[1.543s] running build
[1.543s] running build_py
[1.544s] running install
[1.544s] /usr/lib/python3/dist-packages/setuptools/command/install.py:34: SetuptoolsDeprecationWarning: setup.py install is deprecated. Use build and pip and other standards-based tools.
[1.544s]   warnings.warn(
[1.544s] running install_lib
[1.546s] running install_data
[1.546s] running install_egg_info
[1.549s] removing '/home/fred/ros2_ws/src/install/my_py_pkg/lib/python3.10/site-packages/my_py_pkg-0.0.0-py3.10.egg-info' (and everything under it)
[1.549s] Copying ../build/my_py_pkg/my_py_pkg.egg-info to /home/fred/ros2_ws/src/install/my_py_pkg/lib/python3.10/site-packages/my_py_pkg-0.0.0-py3.10.egg-info
[1.550s] running install_scripts
[1.577s] Installing py_node_test script to /home/fred/ros2_ws/src/install/my_py_pkg/lib/my_py_pkg
[1.577s] writing list of installed files to '/home/fred/ros2_ws/src/build/my_py_pkg/install.log'
[1.610s] Invoked command in '/home/fred/ros2_ws/src/my_py_pkg' returned '0': PYTHONPATH=/home/fred/ros2_ws/src/build/my_py_pkg/prefix_override:/home/fred/ros2_ws/src/install/my_py_pkg/lib/python3.10/site-packages:${PYTHONPATH} /usr/bin/python3 setup.py egg_info --egg-base ../build/my_py_pkg build --build-base /home/fred/ros2_ws/src/build/my_py_pkg/build install --record /home/fred/ros2_ws/src/build/my_py_pkg/install.log --single-version-externally-managed
