[1.244s] Invoking command in '/home/fred/ros2_ws/src/my_py_pkg': PYTHONPATH=/home/fred/ros2_ws/src/build/my_py_pkg/prefix_override:/home/fred/ros2_ws/src/install/my_py_pkg/lib/python3.10/site-packages:${PYTHONPATH} /usr/bin/python3 setup.py egg_info --egg-base ../build/my_py_pkg build --build-base /home/fred/ros2_ws/src/build/my_py_pkg/build install --record /home/fred/ros2_ws/src/build/my_py_pkg/install.log --single-version-externally-managed
[1.628s] running egg_info
[1.630s] writing ../build/my_py_pkg/my_py_pkg.egg-info/PKG-INFO
[1.630s] writing dependency_links to ../build/my_py_pkg/my_py_pkg.egg-info/dependency_links.txt
[1.630s] writing entry points to ../build/my_py_pkg/my_py_pkg.egg-info/entry_points.txt
[1.631s] writing requirements to ../build/my_py_pkg/my_py_pkg.egg-info/requires.txt
[1.631s] writing top-level names to ../build/my_py_pkg/my_py_pkg.egg-info/top_level.txt
[1.634s] reading manifest file '../build/my_py_pkg/my_py_pkg.egg-info/SOURCES.txt'
[1.635s] writing manifest file '../build/my_py_pkg/my_py_pkg.egg-info/SOURCES.txt'
[1.636s] running build
[1.636s] running build_py
[1.636s] copying my_py_pkg/my_first_node.py -> /home/fred/ros2_ws/src/build/my_py_pkg/build/lib/my_py_pkg
[1.636s] running install
[1.637s] /usr/lib/python3/dist-packages/setuptools/command/install.py:34: SetuptoolsDeprecationWarning: setup.py install is deprecated. Use build and pip and other standards-based tools.
[1.637s]   warnings.warn(
[1.637s] running install_lib
[1.638s] copying /home/fred/ros2_ws/src/build/my_py_pkg/build/lib/my_py_pkg/my_first_node.py -> /home/fred/ros2_ws/src/install/my_py_pkg/lib/python3.10/site-packages/my_py_pkg
[1.639s] byte-compiling /home/fred/ros2_ws/src/install/my_py_pkg/lib/python3.10/site-packages/my_py_pkg/my_first_node.py to my_first_node.cpython-310.pyc
[1.639s] running install_data
[1.640s] running install_egg_info
[1.642s] removing '/home/fred/ros2_ws/src/install/my_py_pkg/lib/python3.10/site-packages/my_py_pkg-0.0.0-py3.10.egg-info' (and everything under it)
[1.643s] Copying ../build/my_py_pkg/my_py_pkg.egg-info to /home/fred/ros2_ws/src/install/my_py_pkg/lib/python3.10/site-packages/my_py_pkg-0.0.0-py3.10.egg-info
[1.644s] running install_scripts
[1.673s] Installing py_node script to /home/fred/ros2_ws/src/install/my_py_pkg/lib/my_py_pkg
[1.673s] writing list of installed files to '/home/fred/ros2_ws/src/build/my_py_pkg/install.log'
[1.705s] Invoked command in '/home/fred/ros2_ws/src/my_py_pkg' returned '0': PYTHONPATH=/home/fred/ros2_ws/src/build/my_py_pkg/prefix_override:/home/fred/ros2_ws/src/install/my_py_pkg/lib/python3.10/site-packages:${PYTHONPATH} /usr/bin/python3 setup.py egg_info --egg-base ../build/my_py_pkg build --build-base /home/fred/ros2_ws/src/build/my_py_pkg/build install --record /home/fred/ros2_ws/src/build/my_py_pkg/install.log --single-version-externally-managed
