[1.194s] Invoking command in '/home/fred/ros2_ws/src/my_py_pkg': PYTHONPATH=/home/fred/ros2_ws/src/build/my_py_pkg/prefix_override:/home/fred/ros2_ws/src/install/my_py_pkg/lib/python3.10/site-packages:${PYTHONPATH} /usr/bin/python3 setup.py egg_info --egg-base ../build/my_py_pkg build --build-base /home/fred/ros2_ws/src/build/my_py_pkg/build install --record /home/fred/ros2_ws/src/build/my_py_pkg/install.log --single-version-externally-managed
[1.562s] running egg_info
[1.563s] writing ../build/my_py_pkg/my_py_pkg.egg-info/PKG-INFO
[1.563s] writing dependency_links to ../build/my_py_pkg/my_py_pkg.egg-info/dependency_links.txt
[1.564s] writing entry points to ../build/my_py_pkg/my_py_pkg.egg-info/entry_points.txt
[1.564s] writing requirements to ../build/my_py_pkg/my_py_pkg.egg-info/requires.txt
[1.564s] writing top-level names to ../build/my_py_pkg/my_py_pkg.egg-info/top_level.txt
[1.566s] reading manifest file '../build/my_py_pkg/my_py_pkg.egg-info/SOURCES.txt'
[1.567s] writing manifest file '../build/my_py_pkg/my_py_pkg.egg-info/SOURCES.txt'
[1.568s] running build
[1.568s] running build_py
[1.568s] running install
[1.569s] /usr/lib/python3/dist-packages/setuptools/command/install.py:34: SetuptoolsDeprecationWarning: setup.py install is deprecated. Use build and pip and other standards-based tools.
[1.569s]   warnings.warn(
[1.569s] running install_lib
[1.571s] running install_data
[1.572s] running install_egg_info
[1.574s] removing '/home/fred/ros2_ws/src/install/my_py_pkg/lib/python3.10/site-packages/my_py_pkg-0.0.0-py3.10.egg-info' (and everything under it)
[1.574s] Copying ../build/my_py_pkg/my_py_pkg.egg-info to /home/fred/ros2_ws/src/install/my_py_pkg/lib/python3.10/site-packages/my_py_pkg-0.0.0-py3.10.egg-info
[1.576s] running install_scripts
[1.602s] Installing py_node script to /home/fred/ros2_ws/src/install/my_py_pkg/lib/my_py_pkg
[1.603s] writing list of installed files to '/home/fred/ros2_ws/src/build/my_py_pkg/install.log'
[1.642s] Invoked command in '/home/fred/ros2_ws/src/my_py_pkg' returned '0': PYTHONPATH=/home/fred/ros2_ws/src/build/my_py_pkg/prefix_override:/home/fred/ros2_ws/src/install/my_py_pkg/lib/python3.10/site-packages:${PYTHONPATH} /usr/bin/python3 setup.py egg_info --egg-base ../build/my_py_pkg build --build-base /home/fred/ros2_ws/src/build/my_py_pkg/build install --record /home/fred/ros2_ws/src/build/my_py_pkg/install.log --single-version-externally-managed
