[1.276s] Invoking command in '/home/fred/ros2_ws/src/build/package_1': PYTHONPATH=/home/fred/ros2_ws/src/build/package_1/prefix_override:/home/fred/ros2_ws/src/install/package_1/lib/python3.10/site-packages:${PYTHONPATH} /usr/bin/python3 setup.py develop --editable --build-directory /home/fred/ros2_ws/src/build/package_1/build --no-deps install_data
[1.679s] running develop
[1.680s] /usr/lib/python3/dist-packages/setuptools/command/easy_install.py:158: EasyInstallDeprecationWarning: easy_install command is deprecated. Use build and pip and other standards-based tools.
[1.680s]   warnings.warn(
[1.681s] /usr/lib/python3/dist-packages/setuptools/command/install.py:34: SetuptoolsDeprecationWarning: setup.py install is deprecated. Use build and pip and other standards-based tools.
[1.681s]   warnings.warn(
[1.958s] running egg_info
[1.958s] creating package_1.egg-info
[1.958s] writing package_1.egg-info/PKG-INFO
[1.958s] writing dependency_links to package_1.egg-info/dependency_links.txt
[1.959s] writing entry points to package_1.egg-info/entry_points.txt
[1.959s] writing requirements to package_1.egg-info/requires.txt
[1.959s] writing top-level names to package_1.egg-info/top_level.txt
[1.959s] writing manifest file 'package_1.egg-info/SOURCES.txt'
[1.961s] reading manifest file 'package_1.egg-info/SOURCES.txt'
[1.962s] writing manifest file 'package_1.egg-info/SOURCES.txt'
[1.963s] running build_ext
[1.964s] Creating /home/fred/ros2_ws/src/install/package_1/lib/python3.10/site-packages/package-1.egg-link (link to .)
[1.965s] 
[1.965s] Installed /home/fred/ros2_ws/src/build/package_1
[1.965s] running install_data
[1.965s] creating /home/fred/ros2_ws/src/install/package_1/share/ament_index
[1.966s] creating /home/fred/ros2_ws/src/install/package_1/share/ament_index/resource_index
[1.966s] creating /home/fred/ros2_ws/src/install/package_1/share/ament_index/resource_index/packages
[1.966s] copying resource/package_1 -> /home/fred/ros2_ws/src/install/package_1/share/ament_index/resource_index/packages
[1.966s] copying package.xml -> /home/fred/ros2_ws/src/install/package_1/share/package_1
[2.001s] Invoked command in '/home/fred/ros2_ws/src/build/package_1' returned '0': PYTHONPATH=/home/fred/ros2_ws/src/build/package_1/prefix_override:/home/fred/ros2_ws/src/install/package_1/lib/python3.10/site-packages:${PYTHONPATH} /usr/bin/python3 setup.py develop --editable --build-directory /home/fred/ros2_ws/src/build/package_1/build --no-deps install_data
